INFO  - 2014-08-05 13:19:53.504 [main:   0] com.company.Main : pberstenyov beg
DEBUG - 2014-08-05 13:19:53.505 [main:   1] com.company.Main : ten div zero
java.lang.ArithmeticException: / by zero
	at com.company.Main.main(Main.java:14)
	at sun.reflect.NativeMethodAccessorImpl.invoke0(Native Method)
	at sun.reflect.NativeMethodAccessorImpl.invoke(NativeMethodAccessorImpl.java:39)
	at sun.reflect.DelegatingMethodAccessorImpl.invoke(DelegatingMethodAccessorImpl.java:25)
	at java.lang.reflect.Method.invoke(Method.java:597)
	at com.intellij.rt.execution.application.AppMain.main(AppMain.java:120)
INFO  - 2014-08-05 13:19:53.506 [main:   2] com.company.Main : pberstenyov end
INFO  - 2014-08-05 13:20:08.457 [main:   0] com.company.Main : pberstenyov beg
INFO  - 2014-08-05 13:20:08.459 [main:   2] com.company.Main : pberstenyov end
INFO  - 2014-08-05 13:20:42.074 [main:   0] com.company.Main : pberstenyov beg
INFO  - 2014-08-05 13:20:42.075 [main:   1] com.company.Main : pberstenyov end
INFO  - 2014-08-05 13:21:47.978 [main:   0] com.company.Main : pberstenyov beg
INFO  - 2014-08-05 13:21:47.978 [main:   0] com.company.Main : pberstenyov end
INFO  - 2014-08-05 13:22:26.005 [main:   0] com.company.Main : pberstenyov beg
INFO  - 2014-08-05 13:22:26.005 [main:   0] com.company.Main : pberstenyov end
INFO  - 2014-08-05 13:24:17.653 [main:   0] com.company.Main : pberstenyov beg
INFO  - 2014-08-05 13:24:17.654 [main:   1] com.company.Main : pberstenyov end
INFO  - 2014-08-05 13:25:12.990 [main:   0] com.company.Main : pberstenyov beg
DEBUG - 2014-08-05 13:25:12.991 [main:   1] com.company.Main : ten div zero
java.lang.ArithmeticException: / by zero
	at com.company.Main.main(Main.java:14)
	at sun.reflect.NativeMethodAccessorImpl.invoke0(Native Method)
	at sun.reflect.NativeMethodAccessorImpl.invoke(NativeMethodAccessorImpl.java:39)
	at sun.reflect.DelegatingMethodAccessorImpl.invoke(DelegatingMethodAccessorImpl.java:25)
	at java.lang.reflect.Method.invoke(Method.java:597)
	at com.intellij.rt.execution.application.AppMain.main(AppMain.java:120)
INFO  - 2014-08-05 13:25:12.992 [main:   2] com.company.Main : pberstenyov end
[2014-авг-05 14:39:14] [main] INFO  Main: pberstenyov beg 
[2014-авг-05 14:39:14] [main] DEBUG Main: ten div zero 
java.lang.ArithmeticException: / by zero
	at com.company.Main.main(Main.java:17)
	at sun.reflect.NativeMethodAccessorImpl.invoke0(Native Method)
	at sun.reflect.NativeMethodAccessorImpl.invoke(NativeMethodAccessorImpl.java:39)
	at sun.reflect.DelegatingMethodAccessorImpl.invoke(DelegatingMethodAccessorImpl.java:25)
	at java.lang.reflect.Method.invoke(Method.java:597)
	at com.intellij.rt.execution.application.AppMain.main(AppMain.java:120)
[2014-авг-05 14:39:14] [main] INFO  Main: pberstenyov end 
[2014-авг-06 09:07:23] [main] INFO  Main: pberstenyov beg 
[2014-авг-06 09:07:23] [main] DEBUG Main: ten div zero 
java.lang.ArithmeticException: / by zero
	at com.company.Main.main(Main.java:17)
	at sun.reflect.NativeMethodAccessorImpl.invoke0(Native Method)
	at sun.reflect.NativeMethodAccessorImpl.invoke(NativeMethodAccessorImpl.java:39)
	at sun.reflect.DelegatingMethodAccessorImpl.invoke(DelegatingMethodAccessorImpl.java:25)
	at java.lang.reflect.Method.invoke(Method.java:597)
	at com.intellij.rt.execution.application.AppMain.main(AppMain.java:120)
[2014-авг-06 09:07:23] [main] INFO  Main: pberstenyov end 
[2014-авг-06 09:19:36] [main] INFO  Main: pberstenyov logged 
[2014-авг-06 09:19:36] [main] INFO  Main: pberstenyov world created 
[2014-авг-06 09:19:36] [main] INFO  Main: pberstenyov screen created 
[2014-авг-06 09:19:36] [main] DEBUG Main: pberstenyov screen rendered 
[2014-авг-06 09:19:36] [main] DEBUG Main: pberstenyov children produced 
[2014-авг-06 09:19:36] [main] DEBUG Main: pberstenyov screen rendered 
[2014-авг-06 09:19:36] [main] INFO  Main: pberstenyov exit completed 
[2014-авг-06 09:20:56] [main] INFO  Main: pberstenyov logged 
[2014-авг-06 09:20:56] [main] INFO  Main: pberstenyov world created 
[2014-авг-06 09:20:56] [main] INFO  Main: pberstenyov screen created 
[2014-авг-06 09:20:56] [main] DEBUG Main: pberstenyov screen rendered 
[2014-авг-06 09:20:56] [main] DEBUG Main: pberstenyov children produced 
[2014-авг-06 09:20:56] [main] DEBUG Main: pberstenyov screen rendered 
[2014-авг-06 09:20:56] [main] INFO  Main: pberstenyov exit completed 
[2014-авг-06 09:21:16] [main] INFO  Main: pberstenyov logged 
[2014-авг-06 09:21:16] [main] INFO  Main: pberstenyov world created 
[2014-авг-06 09:21:16] [main] INFO  Main: pberstenyov screen created 
[2014-авг-06 09:21:16] [main] DEBUG Main: pberstenyov screen rendered 
[2014-авг-06 09:21:16] [main] DEBUG Main: pberstenyov children produced 
[2014-авг-06 09:21:16] [main] DEBUG Main: pberstenyov screen rendered 
[2014-авг-06 09:21:16] [main] INFO  Main: pberstenyov exit completed 
[2014-авг-06 09:23:35] [main] INFO  Main: pberstenyov logged 
[2014-авг-06 09:23:35] [main] INFO  Main: pberstenyov logged 
[2014-авг-06 09:23:35] [main] INFO  Main: pberstenyov world created 
[2014-авг-06 09:23:35] [main] INFO  Main: pberstenyov world created 
[2014-авг-06 09:23:35] [main] INFO  Main: pberstenyov screen created 
[2014-авг-06 09:23:35] [main] INFO  Main: pberstenyov screen created 
[2014-авг-06 09:23:35] [main] DEBUG Main: pberstenyov screen rendered 
[2014-авг-06 09:23:35] [main] DEBUG Main: pberstenyov screen rendered 
[2014-авг-06 09:23:35] [main] DEBUG Main: pberstenyov children produced 
[2014-авг-06 09:23:35] [main] DEBUG Main: pberstenyov children produced 
[2014-авг-06 09:23:35] [main] DEBUG Main: pberstenyov screen rendered 
[2014-авг-06 09:23:35] [main] DEBUG Main: pberstenyov screen rendered 
[2014-авг-06 09:23:35] [main] INFO  Main: pberstenyov exit completed 
[2014-авг-06 09:23:35] [main] INFO  Main: pberstenyov exit completed 
[2014-авг-06 09:23:55] [main] INFO  Main: pberstenyov logged 
[2014-авг-06 09:23:55] [main] INFO  Main: pberstenyov world created 
[2014-авг-06 09:23:55] [main] INFO  Main: pberstenyov screen created 
[2014-авг-06 09:23:55] [main] DEBUG Main: pberstenyov screen rendered 
[2014-авг-06 09:23:55] [main] DEBUG Main: pberstenyov children produced 
[2014-авг-06 09:23:55] [main] DEBUG Main: pberstenyov screen rendered 
[2014-авг-06 09:23:55] [main] INFO  Main: pberstenyov exit completed 
